build/app/intermediates/manifest_merge_blame_file/release/manifest-merger-blame-release-report.txt
1<?xml version="1.0" encoding="utf-8"?>
2<manifest xmlns:android="http://schemas.android.com/apk/res/android"
3    package="com.fap.notas"
4    android:versionCode="1"
5    android:versionName="1.0.0" >
6
7    <uses-sdk
8        android:minSdkVersion="23"
8-->src\main\AndroidManifest.xml
9        android:targetSdkVersion="28" />
9-->src\main\AndroidManifest.xml
10
11    <uses-permission android:name="android.permission.READ_EXTERNAL_STORAGE" />
11-->[:image_picker] AndroidManifest.xml:7:5-80
11-->[:image_picker] AndroidManifest.xml:7:22-77
12    <uses-permission android:name="android.permission.WRITE_EXTERNAL_STORAGE" />
12-->[:image_picker] AndroidManifest.xml:8:5-81
12-->[:image_picker] AndroidManifest.xml:8:22-78
13    <uses-permission android:name="android.permission.CAMERA" />
13-->[:camera] AndroidManifest.xml:7:5-65
13-->[:camera] AndroidManifest.xml:7:22-62
14    <uses-permission android:name="android.permission.RECORD_AUDIO" />
14-->[:camera] AndroidManifest.xml:8:5-71
14-->[:camera] AndroidManifest.xml:8:22-68
15    <uses-permission android:name="android.permission.ACCESS_NETWORK_STATE" />
15-->[com.google.firebase:firebase-iid:18.0.0] AndroidManifest.xml:22:5-79
15-->[com.google.firebase:firebase-iid:18.0.0] AndroidManifest.xml:22:22-76
16    <uses-permission android:name="android.permission.INTERNET" />
16-->[com.google.firebase:firebase-iid:18.0.0] AndroidManifest.xml:23:5-67
16-->[com.google.firebase:firebase-iid:18.0.0] AndroidManifest.xml:23:22-64
17    <uses-permission android:name="android.permission.WAKE_LOCK" /> <!-- Required by older versions of Google Play services to create IID tokens -->
17-->[com.google.firebase:firebase-iid:18.0.0] AndroidManifest.xml:24:5-68
17-->[com.google.firebase:firebase-iid:18.0.0] AndroidManifest.xml:24:22-65
18    <uses-permission android:name="com.google.android.c2dm.permission.RECEIVE" />
18-->[com.google.firebase:firebase-iid:18.0.0] AndroidManifest.xml:26:5-82
18-->[com.google.firebase:firebase-iid:18.0.0] AndroidManifest.xml:26:22-79
19    <!--
20 io.flutter.app.FlutterApplication is an android.app.Application that
21         calls FlutterMain.startInitialization(this); in its onCreate method.
22         In most cases you can leave this as-is, but you if you want to provide
23         additional functionality it is fine to subclass or reimplement
24         FlutterApplication and put your custom class here.
25    -->
26    <application
26-->src\main\AndroidManifest.xml:8:5-56:19
27        android:name="io.flutter.app.FlutterApplication"
27-->src\main\AndroidManifest.xml:9:9-57
28        android:appComponentFactory="androidx.core.app.CoreComponentFactory"
28-->[androidx.core:core:1.1.0] AndroidManifest.xml:24:18-86
29        android:icon="@mipmap/ic_launcher"
29-->src\main\AndroidManifest.xml:11:9-43
30        android:label="notas" >
30-->src\main\AndroidManifest.xml:10:9-30
31        <activity
31-->src\main\AndroidManifest.xml:12:9-40:20
32            android:name="com.fap.notas.MainActivity"
32-->src\main\AndroidManifest.xml:13:13-41
33            android:configChanges="orientation|keyboardHidden|keyboard|screenSize|smallestScreenSize|locale|layoutDirection|fontScale|screenLayout|density|uiMode"
33-->src\main\AndroidManifest.xml:16:13-163
34            android:hardwareAccelerated="true"
34-->src\main\AndroidManifest.xml:17:13-47
35            android:launchMode="singleTop"
35-->src\main\AndroidManifest.xml:14:13-43
36            android:theme="@style/LaunchTheme"
36-->src\main\AndroidManifest.xml:15:13-47
37            android:windowSoftInputMode="adjustResize" >
37-->src\main\AndroidManifest.xml:18:13-55
38
39            <!--
40                 Specifies an Android theme to apply to this Activity as soon as
41                 the Android process has started. This theme is visible to the user
42                 while the Flutter UI initializes. After that, this theme continues
43                 to determine the Window background behind the Flutter UI.
44            -->
45            <meta-data
45-->src\main\AndroidManifest.xml:23:13-26:17
46                android:name="io.flutter.embedding.android.NormalTheme"
46-->src\main\AndroidManifest.xml:24:15-70
47                android:resource="@style/NormalTheme" />
47-->src\main\AndroidManifest.xml:25:15-52
48            <!--
49                 Displays an Android View that continues showing the launch screen
50                 Drawable until Flutter paints its first frame, then this splash
51                 screen fades out. A splash screen is useful to avoid any visual
52                 gap between the end of Android's launch screen and the painting of
53                 Flutter's first frame.
54            -->
55            <meta-data
55-->src\main\AndroidManifest.xml:32:13-35:17
56                android:name="io.flutter.embedding.android.SplashScreenDrawable"
56-->src\main\AndroidManifest.xml:33:15-79
57                android:resource="@drawable/launch_background" />
57-->src\main\AndroidManifest.xml:34:15-61
58
59            <intent-filter>
59-->src\main\AndroidManifest.xml:36:13-39:29
60                <action android:name="android.intent.action.MAIN" />
60-->src\main\AndroidManifest.xml:37:17-68
60-->src\main\AndroidManifest.xml:37:25-66
61
62                <category android:name="android.intent.category.LAUNCHER" />
62-->src\main\AndroidManifest.xml:38:17-76
62-->src\main\AndroidManifest.xml:38:27-74
63            </intent-filter>
64        </activity>
65        <activity
65-->src\main\AndroidManifest.xml:42:9-45:69
66            android:name="com.yalantis.ucrop.UCropActivity"
66-->src\main\AndroidManifest.xml:43:11-58
67            android:screenOrientation="portrait"
67-->src\main\AndroidManifest.xml:44:11-47
68            android:theme="@style/Theme.AppCompat.Light.NoActionBar" />
68-->src\main\AndroidManifest.xml:45:11-67
69
70        <!--
71             Don't delete the meta-data below.
72             This is used by the Flutter tool to generate GeneratedPluginRegistrant.java
73        -->
74        <meta-data
74-->src\main\AndroidManifest.xml:49:9-51:33
75            android:name="flutterEmbedding"
75-->src\main\AndroidManifest.xml:50:13-44
76            android:value="2" />
76-->src\main\AndroidManifest.xml:51:13-30
77        <meta-data
77-->src\main\AndroidManifest.xml:53:9-55:33
78            android:name="com.google.firebase.ml.vision.DEPENDENCIES"
78-->src\main\AndroidManifest.xml:54:11-68
79            android:value="ocr" />
79-->src\main\AndroidManifest.xml:55:11-30
80
81        <service
81-->[:firebase_ml_vision] AndroidManifest.xml:8:9-12:19
82            android:name="com.google.firebase.components.ComponentDiscoveryService"
82-->[:firebase_ml_vision] AndroidManifest.xml:8:18-89
83            android:exported="false" >
83-->[com.google.firebase:firebase-iid:18.0.0] AndroidManifest.xml:31:13-37
84            <meta-data
84-->[:firebase_ml_vision] AndroidManifest.xml:9:13-11:85
85                android:name="com.google.firebase.components:io.flutter.plugins.firebasemlvision.FlutterFirebaseAppRegistrar"
85-->[:firebase_ml_vision] AndroidManifest.xml:10:17-126
86                android:value="com.google.firebase.components.ComponentRegistrar" />
86-->[:firebase_ml_vision] AndroidManifest.xml:11:17-82
87            <meta-data
87-->[com.google.firebase:firebase-iid:18.0.0] AndroidManifest.xml:32:13-34:85
88                android:name="com.google.firebase.components:com.google.firebase.iid.Registrar"
88-->[com.google.firebase:firebase-iid:18.0.0] AndroidManifest.xml:33:17-96
89                android:value="com.google.firebase.components.ComponentRegistrar" />
89-->[com.google.firebase:firebase-iid:18.0.0] AndroidManifest.xml:34:17-82
90        </service>
91
92        <provider
92-->[:image_picker] AndroidManifest.xml:11:9-19:20
93            android:name="io.flutter.plugins.imagepicker.ImagePickerFileProvider"
93-->[:image_picker] AndroidManifest.xml:12:13-82
94            android:authorities="com.fap.notas.flutter.image_provider"
94-->[:image_picker] AndroidManifest.xml:13:13-74
95            android:exported="false"
95-->[:image_picker] AndroidManifest.xml:14:13-37
96            android:grantUriPermissions="true" >
96-->[:image_picker] AndroidManifest.xml:15:13-47
97            <meta-data
97-->[:image_picker] AndroidManifest.xml:16:13-18:75
98                android:name="android.support.FILE_PROVIDER_PATHS"
98-->[:image_picker] AndroidManifest.xml:17:17-67
99                android:resource="@xml/flutter_image_picker_file_paths" />
99-->[:image_picker] AndroidManifest.xml:18:17-72
100        </provider>
101
102        <receiver
102-->[com.google.firebase:firebase-iid:18.0.0] AndroidManifest.xml:37:9-44:20
103            android:name="com.google.firebase.iid.FirebaseInstanceIdReceiver"
103-->[com.google.firebase:firebase-iid:18.0.0] AndroidManifest.xml:38:13-78
104            android:exported="true"
104-->[com.google.firebase:firebase-iid:18.0.0] AndroidManifest.xml:39:13-36
105            android:permission="com.google.android.c2dm.permission.SEND" >
105-->[com.google.firebase:firebase-iid:18.0.0] AndroidManifest.xml:40:13-73
106            <intent-filter>
106-->[com.google.firebase:firebase-iid:18.0.0] AndroidManifest.xml:41:13-43:29
107                <action android:name="com.google.android.c2dm.intent.RECEIVE" />
107-->[com.google.firebase:firebase-iid:18.0.0] AndroidManifest.xml:42:17-81
107-->[com.google.firebase:firebase-iid:18.0.0] AndroidManifest.xml:42:25-78
108            </intent-filter>
109        </receiver>
110
111        <activity
111-->[com.google.android.gms:play-services-base:16.0.1] AndroidManifest.xml:23:9-26:75
112            android:name="com.google.android.gms.common.api.GoogleApiActivity"
112-->[com.google.android.gms:play-services-base:16.0.1] AndroidManifest.xml:24:13-79
113            android:exported="false"
113-->[com.google.android.gms:play-services-base:16.0.1] AndroidManifest.xml:25:13-37
114            android:theme="@android:style/Theme.Translucent.NoTitleBar" />
114-->[com.google.android.gms:play-services-base:16.0.1] AndroidManifest.xml:26:13-72
115
116        <provider
116-->[com.google.firebase:firebase-common:17.0.0] AndroidManifest.xml:12:9-16:39
117            android:name="com.google.firebase.provider.FirebaseInitProvider"
117-->[com.google.firebase:firebase-common:17.0.0] AndroidManifest.xml:13:13-77
118            android:authorities="com.fap.notas.firebaseinitprovider"
118-->[com.google.firebase:firebase-common:17.0.0] AndroidManifest.xml:14:13-72
119            android:exported="false"
119-->[com.google.firebase:firebase-common:17.0.0] AndroidManifest.xml:15:13-37
120            android:initOrder="100" />
120-->[com.google.firebase:firebase-common:17.0.0] AndroidManifest.xml:16:13-36
121
122        <meta-data
122-->[com.google.android.gms:play-services-basement:16.1.0] AndroidManifest.xml:23:9-25:69
123            android:name="com.google.android.gms.version"
123-->[com.google.android.gms:play-services-basement:16.1.0] AndroidManifest.xml:24:13-58
124            android:value="@integer/google_play_services_version" />
124-->[com.google.android.gms:play-services-basement:16.1.0] AndroidManifest.xml:25:13-66
125    </application>
126
127</manifest>